<?xml version="1.0" encoding="UTF-8"?>
<!-- Generated by org.testng.reporters.JUnitReportReporter -->
<testsuite skipped="0" hostname="SAMSUNG-PC" name="restAssured_QA_Example.StaticJson" tests="1" failures="0" timestamp="10 May 2020 18:10:14 GMT" time="3.221" errors="0">
  <testcase name="addBook" time="3.221" classname="restAssured_QA_Example.StaticJson"/>
</testsuite> <!-- restAssured_QA_Example.StaticJson -->
