<?xml version="1.0" encoding="UTF-8"?>
<!-- Generated by org.testng.reporters.JUnitReportReporter -->
<testsuite skipped="0" hostname="SAMSUNG-PC" name="restAssured_QA_Example.ComplexJsonPart_2" tests="1" failures="0" timestamp="10 May 2020 12:30:43 GMT" time="1.766" errors="0">
  <testcase name="validation" time="1.766" classname="restAssured_QA_Example.ComplexJsonPart_2"/>
</testsuite> <!-- restAssured_QA_Example.ComplexJsonPart_2 -->
