<?xml version="1.0" encoding="UTF-8"?>
<!-- Generated by org.testng.reporters.JUnitReportReporter -->
<testsuite skipped="0" hostname="SAMSUNG-PC" name="restAssured_QA_Example.DynamicJson" tests="3" failures="0" timestamp="10 May 2020 16:57:35 GMT" time="3.852" errors="0">
  <testcase name="addBook" time="3.510" classname="restAssured_QA_Example.DynamicJson"/>
  <testcase name="addBook" time="0.168" classname="restAssured_QA_Example.DynamicJson"/>
  <testcase name="addBook" time="0.174" classname="restAssured_QA_Example.DynamicJson"/>
</testsuite> <!-- restAssured_QA_Example.DynamicJson -->
