<?xml version="1.0" encoding="UTF-8"?>
<!-- Generated by org.testng.reporters.JUnitReportReporter -->
<testsuite skipped="0" hostname="SAMSUNG-PC" name="restAssured_QA_Example.Test1_Rest" tests="1" failures="0" timestamp="07 May 2020 10:15:00 GMT" time="3.291" errors="0">
  <testcase name="GetWeatherDetails" time="3.291" classname="restAssured_QA_Example.Test1_Rest"/>
</testsuite> <!-- restAssured_QA_Example.Test1_Rest -->
