<?xml version="1.0" encoding="UTF-8"?>
<!-- Generated by org.testng.reporters.JUnitReportReporter -->
<testsuite skipped="0" hostname="SAMSUNG-PC" name="restAssured_QA_Example.Test3_Validation" tests="1" failures="0" timestamp="06 May 2020 14:39:43 GMT" time="3.303" errors="0">
  <testcase name="GetWeatherDetails" time="3.303" classname="restAssured_QA_Example.Test3_Validation"/>
</testsuite> <!-- restAssured_QA_Example.Test3_Validation -->
